\BOOKMARK [1][-]{section.1}{\376\377\225\356\230\230\122\006\147\220}{}% 1
\BOOKMARK [2][-]{subsection.1.1}{\376\377\225\356\230\230\122\006\211\343}{section.1}% 2
\BOOKMARK [3][-]{subsubsection.1.1.1}{\376\377\137\305\120\132\116\373\122\241}{subsection.1.1}% 3
\BOOKMARK [3][-]{subsubsection.1.1.2}{\376\377\220\011\120\132\116\373\122\241}{subsection.1.1}% 4
\BOOKMARK [2][-]{subsection.1.2}{\376\377\227\000\154\102\122\006\147\220}{section.1}% 5
\BOOKMARK [3][-]{subsubsection.1.2.1}{\376\377\137\305\120\132\116\373\122\241}{subsection.1.2}% 6
\BOOKMARK [3][-]{subsubsection.1.2.2}{\376\377\220\011\120\132\116\373\122\241}{subsection.1.2}% 7
\BOOKMARK [1][-]{section.2}{\376\377\145\271\150\110\213\276\213\241}{}% 8
\BOOKMARK [2][-]{subsection.2.1}{\376\377\127\372\147\054\123\237\164\006}{section.2}% 9
\BOOKMARK [3][-]{subsubsection.2.1.1}{\376\377\143\322\120\074\121\375\145\160}{subsection.2.1}% 10
\BOOKMARK [3][-]{subsubsection.2.1.2}{\376\377\126\376\120\317\116\055\137\303\142\155\146\362\000\050\122\007\124\021\165\170\123\330\000\051}{subsection.2.1}% 11
\BOOKMARK [3][-]{subsubsection.2.1.3}{\376\377\126\376\120\317\137\204\124\021\165\170\123\330}{subsection.2.1}% 12
\BOOKMARK [3][-]{subsubsection.2.1.4}{\376\377\000T\000P\000S\177\121\150\074\123\330\137\142}{subsection.2.1}% 13
\BOOKMARK [2][-]{subsection.2.2}{\376\377\000U\000I\213\276\213\241\116\016\124\021\133\374}{section.2}% 14
\BOOKMARK [3][-]{subsubsection.2.2.1}{\376\377\165\114\227\142\151\202\211\310}{subsection.2.2}% 15
\BOOKMARK [3][-]{subsubsection.2.2.2}{\376\377\117\177\165\050\145\271\154\325}{subsection.2.2}% 16
\BOOKMARK [1][-]{section.3}{\376\377\176\323\147\234\122\006\147\220}{}% 17
\BOOKMARK [2][-]{subsection.3.1}{\376\377\126\376\120\317\131\004\164\006\145\110\147\234}{section.3}% 18
\BOOKMARK [3][-]{subsubsection.3.1.1}{\376\377\124\004\165\170\123\330\166\204\133\236\163\260}{subsection.3.1}% 19
\BOOKMARK [3][-]{subsubsection.3.1.2}{\376\377\116\015\124\014\143\322\120\074\121\375\145\160\166\204\210\150\163\260}{subsection.3.1}% 20
\BOOKMARK [2][-]{subsection.3.2}{\376\377\213\357\135\356\122\006\147\220}{section.3}% 21
\BOOKMARK [3][-]{subsubsection.3.2.1}{\376\377\202\015\121\145\213\357\135\356}{subsection.3.2}% 22
\BOOKMARK [3][-]{subsubsection.3.2.2}{\376\377\145\271\154\325\213\357\135\356}{subsection.3.2}% 23
\BOOKMARK [1][-]{section.4}{\376\377\140\073\176\323\116\016\117\123\117\032}{}% 24
